TN:
SF:common/constants/athenaSqlMapConstants.ts
FNF:0
FNH:0
DA:1,2
DA:10,2
LF:2
LH:2
BRF:0
BRH:0
end_of_record
TN:
SF:common/constants/batchJobConstants.ts
FNF:0
FNH:0
DA:1,2
LF:1
LH:1
BRF:0
BRH:0
end_of_record
TN:
SF:common/constants/configurationConstants.ts
FNF:0
FNH:0
DA:1,2
DA:2,2
DA:3,2
LF:3
LH:3
BRF:0
BRH:0
end_of_record
TN:
SF:common/constants/loggingCopy.ts
FNF:0
FNH:0
DA:1,6
LF:1
LH:1
BRF:0
BRH:0
end_of_record
TN:
SF:common/constants/zendeskConstants.ts
FNF:0
FNH:0
DA:1,34
LF:1
LH:1
BRF:0
BRH:0
end_of_record
TN:
SF:common/constants/zendeskCopy.ts
FNF:0
FNH:0
DA:1,4
LF:1
LH:1
BRF:0
BRH:0
end_of_record
TN:
SF:common/sharedServices/bulkJobs/createManifestFileText.ts
FN:1,(anonymous_0)
FN:6,(anonymous_1)
FN:9,(anonymous_2)
FNF:3
FNH:3
FNDA:2,(anonymous_0)
FNDA:3,(anonymous_1)
FNDA:3,(anonymous_2)
DA:1,1
DA:5,2
DA:6,3
DA:9,1
DA:10,3
LF:5
LH:5
BRF:0
BRH:0
end_of_record
TN:
SF:common/sharedServices/bulkJobs/describeBatchJob.ts
FN:5,(anonymous_0)
FNF:1
FNH:1
FNDA:2,(anonymous_0)
DA:5,1
DA:8,2
DA:15,2
DA:16,1
DA:19,1
LF:5
LH:5
BRDA:15,0,0,1
BRDA:15,0,1,1
BRF:2
BRH:2
end_of_record
TN:
SF:common/sharedServices/bulkJobs/getS3BatchJobTags.ts
FN:5,(anonymous_0)
FNF:1
FNH:1
FNDA:1,(anonymous_0)
DA:5,1
DA:8,1
DA:14,1
LF:3
LH:3
BRF:0
BRH:0
end_of_record
TN:
SF:common/sharedServices/bulkJobs/startGlacierRestore.ts
FN:13,(anonymous_0)
FN:38,(anonymous_1)
FNF:2
FNH:2
FNDA:3,(anonymous_0)
FNDA:2,(anonymous_1)
DA:11,1
DA:13,1
DA:17,3
DA:18,1
DA:21,1
DA:24,2
DA:25,2
DA:30,2
DA:35,2
DA:38,1
DA:43,2
DA:71,2
DA:72,2
LF:13
LH:13
BRDA:17,0,0,1
BRDA:17,0,1,2
BRF:2
BRH:2
end_of_record
TN:
SF:common/sharedServices/bulkJobs/startTransferToAnalysisBucket.ts
FN:16,(anonymous_0)
FN:51,(anonymous_1)
FNF:2
FNH:2
FNDA:2,(anonymous_0)
FNDA:2,(anonymous_1)
DA:14,1
DA:16,1
DA:21,2
DA:24,2
DA:25,0
DA:28,0
DA:31,2
DA:32,2
DA:37,2
DA:38,2
DA:45,2
DA:51,1
DA:57,2
DA:106,2
DA:107,2
LF:15
LH:13
BRDA:24,0,0,0
BRDA:24,0,1,2
BRDA:46,1,0,1
BRDA:46,1,1,1
BRDA:74,2,0,1
BRDA:74,2,1,1
BRF:6
BRH:5
end_of_record
TN:
SF:common/sharedServices/bulkJobs/writeJobManifestFileToJobBucket.ts
FN:7,(anonymous_0)
FNF:1
FNH:1
FNDA:1,(anonymous_0)
DA:7,1
DA:12,1
DA:15,1
DA:22,1
DA:26,1
LF:5
LH:5
BRF:0
BRH:0
end_of_record
TN:
SF:common/sharedServices/dynamoDB/dynamoDBGet.ts
FN:11,(anonymous_0)
FN:26,(anonymous_1)
FN:48,(anonymous_2)
FN:62,(anonymous_3)
FN:64,(anonymous_4)
FN:65,(anonymous_5)
FN:66,(anonymous_6)
FN:67,(anonymous_7)
FN:68,(anonymous_8)
FN:69,(anonymous_9)
FN:89,(anonymous_10)
FNF:11
FNH:11
FNDA:9,(anonymous_0)
FNDA:3,(anonymous_1)
FNDA:8,(anonymous_2)
FNDA:10,(anonymous_3)
FNDA:2,(anonymous_4)
FNDA:1,(anonymous_5)
FNDA:11,(anonymous_6)
FNDA:1,(anonymous_7)
FNDA:6,(anonymous_8)
FNDA:1,(anonymous_9)
FNDA:7,(anonymous_10)
DA:11,1
DA:14,9
DA:19,9
DA:20,9
DA:21,2
DA:23,7
DA:26,1
DA:29,3
DA:38,3
DA:39,3
DA:40,2
DA:45,1
DA:48,1
DA:49,8
DA:51,8
DA:62,10
DA:64,2
DA:65,1
DA:66,11
DA:67,1
DA:68,6
DA:69,1
DA:72,8
DA:73,1
DA:76,7
DA:79,8
DA:81,8
DA:89,1
DA:92,7
DA:93,7
LF:30
LH:30
BRDA:20,0,0,2
BRDA:20,0,1,7
BRDA:39,1,0,2
BRDA:39,1,1,1
BRDA:60,2,0,1
BRDA:60,2,1,7
BRDA:72,3,0,1
BRDA:72,3,1,7
BRDA:83,4,0,1
BRDA:83,4,1,6
BRDA:86,5,0,2
BRDA:86,5,1,5
BRDA:93,6,0,1
BRDA:93,6,1,6
BRF:14
BRH:14
end_of_record
TN:
SF:common/sharedServices/dynamoDB/dynamoDBPut.ts
FN:7,(anonymous_0)
FN:23,(anonymous_1)
FN:26,(anonymous_2)
FN:29,(anonymous_3)
FN:32,(anonymous_4)
FN:35,(anonymous_5)
FN:38,(anonymous_6)
FN:41,(anonymous_7)
FNF:8
FNH:8
FNDA:4,(anonymous_0)
FNDA:8,(anonymous_1)
FNDA:2,(anonymous_2)
FNDA:2,(anonymous_3)
FNDA:8,(anonymous_4)
FNDA:2,(anonymous_5)
FNDA:4,(anonymous_6)
FNDA:2,(anonymous_7)
DA:7,1
DA:11,4
DA:13,4
DA:23,8
DA:26,2
DA:29,2
DA:32,8
DA:35,2
DA:38,4
DA:41,2
DA:47,4
DA:48,1
DA:51,4
LF:13
LH:13
BRDA:47,0,0,1
BRDA:47,0,1,3
BRF:2
BRH:2
end_of_record
TN:
SF:common/sharedServices/dynamoDB/dynamoDBUpdate.ts
FN:8,(anonymous_0)
FN:23,(anonymous_1)
FNF:2
FNH:2
FNDA:1,(anonymous_0)
FNDA:3,(anonymous_1)
DA:8,1
DA:12,1
DA:20,1
DA:23,1
DA:28,3
DA:36,3
DA:37,3
DA:39,3
DA:40,2
LF:9
LH:9
BRDA:39,0,0,2
BRDA:39,0,1,1
BRF:2
BRH:2
end_of_record
TN:
SF:common/sharedServices/http/httpsRequestUtils.ts
FN:3,(anonymous_0)
FN:7,(anonymous_1)
FN:8,(anonymous_2)
FN:25,(anonymous_3)
FN:29,(anonymous_4)
FN:44,(anonymous_5)
FN:60,(anonymous_6)
FNF:7
FNH:7
FNDA:9,(anonymous_0)
FNDA:9,(anonymous_1)
FNDA:9,(anonymous_2)
FNDA:4,(anonymous_3)
FNDA:4,(anonymous_4)
FNDA:2,(anonymous_5)
FNDA:1,(anonymous_6)
DA:3,1
DA:7,9
DA:8,9
DA:9,9
DA:10,1
DA:15,8
DA:16,2
DA:22,6
DA:23,6
DA:25,6
DA:26,4
DA:29,6
DA:30,4
DA:31,4
DA:33,1
DA:41,4
DA:44,6
DA:45,2
DA:55,9
DA:56,9
DA:60,1
DA:61,1
LF:22
LH:22
BRDA:5,0,0,9
BRDA:9,1,0,1
BRDA:9,1,1,8
BRDA:15,2,0,2
BRDA:15,2,1,6
BRDA:15,3,0,8
BRDA:15,3,1,7
BRDA:31,4,0,3
BRDA:31,4,1,1
BRDA:36,5,0,1
BRDA:36,5,1,0
BRDA:48,6,0,1
BRDA:48,6,1,1
BRDA:55,7,0,1
BRDA:55,7,1,8
BRF:15
BRH:14
end_of_record
TN:
SF:common/sharedServices/queue/sendAuditMessage.ts
FN:13,(anonymous_0)
FN:64,(anonymous_1)
FN:88,(anonymous_2)
FN:110,(anonymous_3)
FN:125,(anonymous_4)
FNF:5
FNH:5
FNDA:5,(anonymous_0)
FNDA:5,(anonymous_1)
FNDA:2,(anonymous_2)
FNDA:12,(anonymous_3)
FNDA:5,(anonymous_4)
DA:13,1
DA:16,5
DA:17,5
DA:51,5
DA:55,4
DA:57,1
DA:64,1
DA:68,5
DA:69,5
DA:73,5
DA:75,5
DA:79,4
DA:81,1
DA:88,1
DA:91,2
DA:92,2
DA:97,2
DA:101,1
DA:103,1
DA:110,1
DA:111,12
DA:120,12
DA:122,12
DA:125,1
DA:126,5
DA:145,5
LF:26
LH:26
BRDA:29,0,0,1
BRDA:29,0,1,4
BRDA:32,1,0,1
BRDA:32,1,1,4
BRDA:35,2,0,4
BRDA:35,2,1,1
BRDA:40,3,0,5
BRDA:40,3,1,1
BRDA:42,4,0,5
BRDA:42,4,1,1
BRDA:43,5,0,5
BRDA:43,5,1,1
BRDA:44,6,0,5
BRDA:44,6,1,1
BRDA:120,7,0,6
BRDA:120,7,1,6
BRF:16
BRH:16
end_of_record
TN:
SF:common/sharedServices/queue/sendContinuePollingDataTransferMessage.ts
FN:5,(anonymous_0)
FNF:1
FNH:1
FNDA:1,(anonymous_0)
DA:5,1
DA:9,1
DA:10,1
DA:15,1
LF:4
LH:4
BRF:0
BRH:0
end_of_record
TN:
SF:common/sharedServices/queue/sendInitiateAthenaQueryMessage.ts
FN:5,(anonymous_0)
FNF:1
FNH:1
FNDA:1,(anonymous_0)
DA:5,1
DA:8,1
DA:12,1
DA:13,1
LF:4
LH:4
BRF:0
BRH:0
end_of_record
TN:
SF:common/sharedServices/queue/sendSqsMessage.ts
FN:4,(anonymous_0)
FN:16,(anonymous_1)
FNF:2
FNH:2
FNDA:2,(anonymous_0)
FNDA:3,(anonymous_1)
DA:4,1
DA:9,2
DA:16,1
DA:21,3
DA:25,3
DA:26,1
DA:28,3
DA:29,3
LF:8
LH:8
BRDA:25,0,0,1
BRDA:25,0,1,2
BRF:2
BRH:2
end_of_record
TN:
SF:common/sharedServices/s3/checkS3BucketData.ts
FN:10,(anonymous_0)
FN:27,(anonymous_1)
FN:29,(anonymous_2)
FN:33,(anonymous_3)
FN:39,(anonymous_4)
FN:42,(anonymous_5)
FN:43,(anonymous_6)
FN:46,(anonymous_7)
FN:51,(anonymous_8)
FN:66,(anonymous_9)
FN:73,(anonymous_10)
FN:80,(anonymous_11)
FN:81,(anonymous_12)
FN:86,(anonymous_13)
FN:91,(anonymous_14)
FNF:15
FNH:15
FNDA:18,(anonymous_0)
FNDA:132,(anonymous_1)
FNDA:180,(anonymous_2)
FNDA:112,(anonymous_3)
FNDA:88,(anonymous_4)
FNDA:112,(anonymous_5)
FNDA:3,(anonymous_6)
FNDA:112,(anonymous_7)
FNDA:21,(anonymous_8)
FNDA:36,(anonymous_9)
FNDA:108,(anonymous_10)
FNDA:36,(anonymous_11)
FNDA:150,(anonymous_12)
FNDA:150,(anonymous_13)
FNDA:160,(anonymous_14)
DA:10,1
DA:13,18
DA:15,18
DA:21,18
DA:27,18
DA:29,180
DA:32,18
DA:35,112
DA:39,88
DA:41,18
DA:42,112
DA:43,3
DA:45,18
DA:48,112
DA:51,21
DA:53,18
DA:56,18
DA:66,1
DA:71,36
DA:74,108
DA:80,36
DA:81,150
DA:82,4
DA:86,150
DA:87,4
DA:91,160
LF:26
LH:26
BRDA:35,0,0,112
BRDA:35,0,1,30
BRDA:35,0,2,27
BRDA:48,1,0,112
BRDA:48,1,1,27
BRDA:48,1,2,12
BRDA:61,2,0,18
BRDA:61,2,1,1
BRDA:81,3,0,4
BRDA:81,3,1,32
BRDA:86,4,0,4
BRDA:86,4,1,32
BRDA:91,5,0,160
BRDA:91,5,1,156
BRF:14
BRH:14
end_of_record
TN:
SF:common/sharedServices/s3/copyS3Object.ts
FN:4,(anonymous_0)
FNF:1
FNH:1
FNDA:1,(anonymous_0)
DA:4,1
DA:9,1
DA:14,1
LF:3
LH:3
BRF:0
BRH:0
end_of_record
TN:
SF:common/sharedServices/s3/generateS3ObjectPrefixesForDateList.ts
FN:1,(anonymous_0)
FN:4,(anonymous_1)
FN:13,(anonymous_2)
FNF:3
FNH:3
FNDA:6,(anonymous_0)
FNDA:8,(anonymous_1)
FNDA:8,(anonymous_2)
DA:1,1
DA:4,6
DA:5,8
DA:7,8
DA:9,8
DA:13,1
DA:14,8
DA:20,8
DA:21,2
LF:9
LH:9
BRDA:20,0,0,2
BRDA:20,0,1,6
BRF:2
BRH:2
end_of_record
TN:
SF:common/sharedServices/s3/getAuditDataSourceBucketName.ts
FN:4,(anonymous_0)
FNF:1
FNH:1
FNDA:2,(anonymous_0)
DA:4,2
LF:1
LH:1
BRDA:4,0,0,1
BRDA:4,0,1,1
BRF:2
BRH:2
end_of_record
TN:
SF:common/sharedServices/s3/getS3ObjectAsStream.ts
FN:5,(anonymous_0)
FNF:1
FNH:1
FNDA:2,(anonymous_0)
DA:5,1
DA:9,2
DA:14,2
DA:16,2
DA:17,1
DA:19,1
LF:6
LH:6
BRDA:16,0,0,1
BRDA:16,0,1,1
BRF:2
BRH:2
end_of_record
TN:
SF:common/sharedServices/s3/listS3Files.ts
FN:8,(anonymous_0)
FN:17,(anonymous_1)
FN:24,(anonymous_2)
FNF:3
FNH:3
FNDA:7,(anonymous_0)
FNDA:7,(anonymous_1)
FNDA:13,(anonymous_2)
DA:8,1
DA:12,7
DA:13,7
DA:15,7
DA:17,7
DA:19,6
DA:20,2
DA:21,2
DA:24,13
LF:9
LH:9
BRDA:10,0,0,7
BRDA:15,1,0,1
BRDA:15,1,1,6
BRDA:19,2,0,2
BRDA:19,2,1,4
BRF:5
BRH:5
end_of_record
TN:
SF:common/sharedServices/s3/putS3Object.ts
FN:4,(anonymous_0)
FNF:1
FNH:1
FNDA:1,(anonymous_0)
DA:4,1
DA:9,1
DA:15,1
LF:3
LH:3
BRF:0
BRH:0
end_of_record
TN:
SF:common/sharedServices/s3/readS3DataToString.ts
FN:6,(anonymous_0)
FNF:1
FNH:1
FNDA:1,(anonymous_0)
DA:6,1
DA:10,1
DA:14,1
DA:16,1
LF:4
LH:4
BRF:0
BRH:0
end_of_record
TN:
SF:common/sharedServices/secrets/checkSecrets.ts
FN:1,(anonymous_0)
FN:6,(anonymous_1)
FN:9,(anonymous_2)
FNF:3
FNH:3
FNDA:6,(anonymous_0)
FNDA:20,(anonymous_1)
FNDA:20,(anonymous_2)
DA:1,1
DA:6,20
DA:9,1
DA:14,20
DA:15,5
LF:5
LH:5
BRDA:14,0,0,5
BRDA:14,0,1,15
BRF:2
BRH:2
end_of_record
TN:
SF:common/sharedServices/secrets/retrieveSecrets.ts
FN:7,(anonymous_0)
FNF:1
FNH:1
FNDA:1,(anonymous_0)
DA:7,1
DA:10,1
DA:13,1
DA:16,1
LF:4
LH:4
BRF:0
BRH:0
end_of_record
TN:
SF:common/sharedServices/secrets/retrieveZendeskApiSecrets.ts
FN:7,(anonymous_0)
FNF:1
FNH:1
FNDA:6,(anonymous_0)
DA:7,1
DA:8,6
DA:9,6
DA:10,6
DA:17,6
LF:5
LH:5
BRF:0
BRH:0
end_of_record
TN:
SF:common/sharedServices/zendesk/getZendeskTicket.ts
FN:15,(anonymous_0)
FNF:1
FNH:1
FNDA:3,(anonymous_0)
DA:15,1
DA:16,3
DA:17,3
DA:28,3
DA:30,2
DA:31,1
DA:33,1
DA:34,1
LF:8
LH:8
BRDA:30,0,0,1
BRDA:30,0,1,1
BRF:2
BRH:2
end_of_record
TN:
SF:common/sharedServices/zendesk/getZendeskUser.ts
FN:12,(anonymous_0)
FNF:1
FNH:1
FNDA:3,(anonymous_0)
DA:12,1
DA:13,3
DA:14,3
DA:25,3
DA:27,2
DA:28,1
DA:30,1
DA:31,1
LF:8
LH:8
BRDA:27,0,0,1
BRDA:27,0,1,1
BRF:2
BRH:2
end_of_record
TN:
SF:common/sharedServices/zendesk/updateZendeskTicket.ts
FN:12,(anonymous_0)
FN:36,(anonymous_1)
FNF:2
FNH:2
FNDA:7,(anonymous_0)
FNDA:6,(anonymous_1)
DA:12,1
DA:17,7
DA:18,1
DA:19,1
DA:21,6
DA:22,6
DA:23,3
DA:24,3
DA:27,3
DA:34,1
DA:36,1
DA:41,6
DA:42,2
DA:45,2
DA:48,4
DA:49,4
DA:60,4
DA:69,6
DA:70,6
DA:71,2
DA:73,2
LF:21
LH:21
BRDA:15,0,0,7
BRDA:17,1,0,1
BRDA:17,1,1,6
BRDA:22,2,0,3
BRDA:22,2,1,3
BRDA:39,3,0,6
BRDA:41,4,0,2
BRDA:41,4,1,4
BRDA:62,5,0,4
BRDA:62,5,1,2
BRF:10
BRH:10
end_of_record
TN:
SF:common/utils/awsSdkClients.ts
FNF:0
FNH:0
DA:10,16
DA:11,16
DA:12,16
DA:13,16
DA:16,16
DA:17,16
LF:6
LH:6
BRF:0
BRH:0
end_of_record
TN:
SF:common/utils/currentDateEpochSeconds.ts
FN:1,(anonymous_0)
FNF:1
FNH:1
FNDA:3,(anonymous_0)
DA:1,1
DA:2,3
LF:2
LH:2
BRF:0
BRH:0
end_of_record
TN:
SF:common/utils/getFeatureFlagValue.ts
FN:3,(anonymous_0)
FNF:1
FNH:1
FNDA:6,(anonymous_0)
DA:3,1
DA:6,6
DA:7,6
DA:9,6
LF:4
LH:4
BRDA:9,0,0,6
BRDA:9,0,1,5
BRF:2
BRH:2
end_of_record
TN:
SF:common/utils/helpers.ts
FN:5,(anonymous_0)
FN:14,(anonymous_1)
FN:18,(anonymous_2)
FN:33,(anonymous_3)
FN:45,(anonymous_4)
FN:49,(anonymous_5)
FN:55,(anonymous_6)
FN:55,(anonymous_7)
FN:58,(anonymous_8)
FN:61,(anonymous_9)
FNF:10
FNH:10
FNDA:445,(anonymous_0)
FNDA:211,(anonymous_1)
FNDA:112,(anonymous_2)
FNDA:91,(anonymous_3)
FNDA:69,(anonymous_4)
FNDA:614,(anonymous_5)
FNDA:559,(anonymous_6)
FNDA:559,(anonymous_7)
FNDA:51,(anonymous_8)
FNDA:2,(anonymous_9)
DA:5,34
DA:6,445
DA:8,445
DA:9,0
DA:11,445
DA:14,34
DA:15,211
DA:18,34
DA:19,112
DA:21,112
DA:27,112
DA:28,0
DA:30,112
DA:33,34
DA:34,91
DA:35,91
DA:40,14
DA:41,14
DA:45,34
DA:46,69
DA:49,34
DA:50,614
DA:51,276
DA:53,338
DA:55,559
DA:58,34
DA:59,51
DA:61,34
DA:62,2
LF:29
LH:27
BRDA:8,0,0,0
BRDA:8,0,1,445
BRDA:8,1,0,445
BRDA:8,1,1,445
BRDA:27,2,0,0
BRDA:27,2,1,112
BRDA:46,3,0,69
BRDA:46,3,1,69
BRDA:50,4,0,276
BRDA:50,4,1,338
BRF:10
BRH:8
end_of_record
TN:
SF:common/utils/interpolateTemplate.ts
FN:9,(anonymous_0)
FN:18,(anonymous_1)
FNF:2
FNH:2
FNDA:63,(anonymous_0)
FNDA:515,(anonymous_1)
DA:9,8
DA:14,63
DA:15,2
DA:18,515
DA:20,61
DA:21,1
DA:24,60
DA:26,60
DA:31,60
DA:32,13
DA:35,60
LF:11
LH:11
BRDA:12,0,0,63
BRDA:14,1,0,2
BRDA:14,1,1,61
BRDA:20,2,0,1
BRDA:20,2,1,60
BRF:5
BRH:5
end_of_record
TN:
SF:src/lambdas/closeZendeskTicket/handler.ts
FN:13,(anonymous_0)
FN:25,(anonymous_1)
FN:46,(anonymous_2)
FNF:3
FNH:3
FNDA:8,(anonymous_0)
FNDA:8,(anonymous_1)
FNDA:2,(anonymous_2)
DA:13,1
DA:14,8
DA:16,8
DA:17,8
DA:19,8
DA:25,1
DA:26,8
DA:27,1
DA:30,7
DA:31,7
DA:32,1
DA:35,6
DA:36,6
DA:37,2
DA:39,4
DA:40,2
DA:43,2
DA:46,1
DA:47,2
DA:48,2
DA:49,2
DA:51,1
LF:22
LH:22
BRDA:26,0,0,1
BRDA:26,0,1,7
BRDA:31,1,0,1
BRDA:31,1,1,6
BRDA:36,2,0,2
BRDA:36,2,1,4
BRDA:39,3,0,2
BRDA:39,3,1,2
BRF:8
BRH:8
end_of_record
TN:
SF:src/lambdas/dataReadyForQuery/handler.ts
FN:15,(anonymous_0)
FN:56,(anonymous_1)
FN:64,(anonymous_2)
FN:65,(anonymous_3)
FN:75,(anonymous_4)
FN:83,(anonymous_5)
FN:86,(anonymous_6)
FNF:7
FNH:7
FNDA:7,(anonymous_0)
FNDA:1,(anonymous_1)
FNDA:2,(anonymous_2)
FNDA:4,(anonymous_3)
FNDA:6,(anonymous_4)
FNDA:9,(anonymous_5)
FNDA:12,(anonymous_6)
DA:15,1
DA:22,7
DA:23,7
DA:24,7
DA:26,7
DA:31,7
DA:32,7
DA:33,1
DA:36,6
DA:37,6
DA:38,6
DA:39,4
DA:42,2
DA:43,2
DA:44,2
DA:45,1
DA:46,1
DA:48,1
DA:52,1
DA:56,1
DA:57,1
DA:64,1
DA:65,2
DA:66,4
DA:69,2
DA:70,0
DA:73,2
DA:75,1
DA:78,6
DA:83,1
DA:86,12
LF:31
LH:30
BRDA:32,0,0,1
BRDA:32,0,1,6
BRDA:38,1,0,4
BRDA:38,1,1,2
BRDA:44,2,0,1
BRDA:44,2,1,1
BRDA:69,3,0,0
BRDA:69,3,1,2
BRDA:78,4,0,6
BRDA:78,4,1,3
BRF:10
BRH:9
end_of_record
TN:
SF:src/lambdas/dataReadyForQuery/jobWasSuccessful.ts
FN:3,(anonymous_0)
FNF:1
FNH:1
FNDA:4,(anonymous_0)
DA:3,1
DA:10,4
DA:11,1
DA:15,3
DA:16,3
LF:5
LH:5
BRDA:10,0,0,1
BRDA:10,0,1,3
BRDA:17,1,0,3
BRDA:17,1,1,2
BRDA:17,1,2,2
BRF:5
BRH:5
end_of_record
TN:
SF:src/lambdas/decryptAndCopy/decryptS3Object.ts
FN:7,(anonymous_0)
FN:8,(anonymous_1)
FN:10,(anonymous_2)
FN:11,(anonymous_3)
FN:15,(anonymous_4)
FNF:5
FNH:5
FNDA:7,(anonymous_0)
FNDA:7,(anonymous_1)
FNDA:6,(anonymous_2)
FNDA:6,(anonymous_3)
FNDA:8,(anonymous_4)
DA:7,1
DA:8,7
DA:9,7
DA:10,7
DA:11,7
DA:12,7
DA:15,1
DA:18,8
DA:19,8
DA:21,8
DA:23,6
DA:26,6
DA:27,6
DA:28,6
DA:29,2
DA:32,5
DA:35,5
DA:42,5
DA:43,5
DA:44,5
DA:45,3
DA:48,2
DA:51,2
DA:55,2
LF:24
LH:24
BRDA:21,0,0,1
BRDA:21,0,1,7
BRDA:32,1,0,4
BRDA:32,1,1,1
BRDA:48,2,0,1
BRDA:48,2,1,1
BRF:6
BRH:6
end_of_record
TN:
SF:src/lambdas/decryptAndCopy/handler.ts
FN:17,(anonymous_0)
FN:46,(anonymous_1)
FN:54,(anonymous_2)
FNF:3
FNH:3
FNDA:3,(anonymous_0)
FNDA:2,(anonymous_1)
FNDA:2,(anonymous_2)
DA:17,1
DA:21,3
DA:23,3
DA:24,3
DA:25,3
DA:26,1
DA:29,2
DA:30,2
DA:31,1
DA:35,1
DA:39,1
DA:40,1
DA:42,2
DA:46,2
DA:54,1
DA:55,2
DA:56,2
DA:58,2
DA:59,2
DA:61,2
DA:62,1
DA:64,1
DA:65,1
LF:23
LH:23
BRDA:25,0,0,1
BRDA:25,0,1,2
BRF:2
BRH:2
end_of_record
TN:
SF:src/lambdas/initiateAthenaQuery/createQuerySql.ts
FN:12,(anonymous_0)
FN:39,(anonymous_1)
FN:58,(anonymous_2)
FN:75,(anonymous_3)
FN:76,(anonymous_4)
FN:76,(anonymous_5)
FN:79,(anonymous_6)
FN:90,(anonymous_7)
FN:95,(anonymous_8)
FN:98,(anonymous_9)
FN:104,(anonymous_10)
FN:118,(anonymous_11)
FN:127,(anonymous_12)
FN:131,(anonymous_13)
FN:135,(anonymous_14)
FN:154,(anonymous_15)
FN:166,(anonymous_16)
FN:170,(anonymous_17)
FN:171,(anonymous_18)
FN:175,(anonymous_19)
FNF:20
FNH:20
FNDA:18,(anonymous_0)
FNDA:13,(anonymous_1)
FNDA:18,(anonymous_2)
FNDA:28,(anonymous_3)
FNDA:22,(anonymous_4)
FNDA:22,(anonymous_5)
FNDA:13,(anonymous_6)
FNDA:13,(anonymous_7)
FNDA:14,(anonymous_8)
FNDA:8,(anonymous_9)
FNDA:17,(anonymous_10)
FNDA:8,(anonymous_11)
FNDA:8,(anonymous_12)
FNDA:6,(anonymous_13)
FNDA:13,(anonymous_14)
FNDA:13,(anonymous_15)
FNDA:13,(anonymous_16)
FNDA:26,(anonymous_17)
FNDA:14,(anonymous_18)
FNDA:14,(anonymous_19)
DA:12,1
DA:15,18
DA:16,18
DA:18,18
DA:19,4
DA:25,14
DA:26,14
DA:28,14
DA:29,1
DA:35,13
DA:39,13
DA:40,13
DA:41,13
DA:51,13
DA:58,1
DA:62,18
DA:63,11
DA:64,7
DA:65,1
DA:66,6
DA:67,1
DA:68,5
DA:69,1
DA:72,4
DA:75,1
DA:76,28
DA:79,1
DA:80,13
DA:81,10
DA:83,3
DA:84,3
DA:86,3
DA:90,1
DA:94,13
DA:95,14
DA:97,13
DA:98,8
DA:101,13
DA:104,1
DA:105,17
DA:107,17
DA:108,4
DA:111,13
DA:112,13
DA:113,13
DA:115,13
DA:118,1
DA:119,8
DA:120,8
DA:121,8
DA:122,8
DA:124,8
DA:127,1
DA:128,8
DA:131,1
DA:132,6
DA:135,1
DA:139,13
DA:141,13
DA:142,0
DA:145,13
DA:147,13
DA:148,26
DA:151,13
DA:154,1
DA:155,13
DA:156,10
DA:158,3
DA:159,3
DA:160,3
DA:161,3
DA:163,3
DA:166,1
DA:170,26
DA:171,14
DA:172,13
DA:175,1
DA:176,14
LF:78
LH:77
BRDA:18,0,0,4
BRDA:18,0,1,14
BRDA:28,1,0,1
BRDA:28,1,1,13
BRDA:28,2,0,14
BRDA:28,2,1,7
BRDA:62,3,0,11
BRDA:62,3,1,7
BRDA:62,4,0,18
BRDA:62,4,1,12
BRDA:64,5,0,1
BRDA:64,5,1,6
BRDA:64,6,0,7
BRDA:64,6,1,2
BRDA:66,7,0,1
BRDA:66,7,1,5
BRDA:66,8,0,6
BRDA:66,8,1,2
BRDA:68,9,0,1
BRDA:68,9,1,4
BRDA:68,10,0,5
BRDA:68,10,1,2
BRDA:80,11,0,10
BRDA:80,11,1,3
BRDA:94,12,0,7
BRDA:94,12,1,6
BRDA:97,13,0,8
BRDA:97,13,1,5
BRDA:107,14,0,4
BRDA:107,14,1,13
BRDA:141,15,0,0
BRDA:141,15,1,13
BRDA:155,16,0,10
BRDA:155,16,1,3
BRF:34
BRH:33
end_of_record
TN:
SF:src/lambdas/initiateAthenaQuery/handler.ts
FN:9,(anonymous_0)
FN:26,(anonymous_1)
FNF:2
FNH:2
FNDA:4,(anonymous_0)
FNDA:4,(anonymous_1)
DA:9,1
DA:13,4
DA:15,4
DA:16,4
DA:18,4
DA:19,1
DA:21,1
DA:22,1
DA:26,1
DA:27,4
DA:28,1
DA:31,3
DA:32,3
DA:33,1
DA:36,2
LF:15
LH:15
BRDA:18,0,0,1
BRDA:18,0,1,1
BRDA:27,1,0,1
BRDA:27,1,1,3
BRDA:32,2,0,1
BRDA:32,2,1,2
BRF:6
BRH:6
end_of_record
TN:
SF:src/lambdas/initiateAthenaQuery/initiateQuery.ts
FN:11,(anonymous_0)
FN:21,(anonymous_1)
FN:36,(anonymous_2)
FN:46,(anonymous_3)
FN:64,(anonymous_4)
FNF:5
FNH:5
FNDA:5,(anonymous_0)
FNDA:5,(anonymous_1)
FNDA:4,(anonymous_2)
FNDA:3,(anonymous_3)
FNDA:2,(anonymous_4)
DA:11,1
DA:12,5
DA:14,4
DA:15,4
DA:17,3
DA:18,3
DA:21,1
DA:24,5
DA:25,5
DA:26,4
DA:28,4
DA:30,1
DA:31,1
DA:32,1
DA:36,1
DA:40,4
DA:41,1
DA:42,1
DA:46,1
DA:50,3
DA:51,1
DA:56,1
DA:58,2
DA:61,2
DA:64,1
DA:68,2
DA:69,2
DA:70,2
DA:75,1
DA:79,1
DA:80,1
DA:81,1
LF:32
LH:32
BRDA:40,0,0,1
BRDA:40,0,1,3
BRDA:40,1,0,4
BRDA:40,1,1,1
BRDA:50,2,0,1
BRDA:50,2,1,2
BRDA:50,3,0,3
BRDA:50,3,1,1
BRDA:68,4,0,2
BRDA:68,4,1,0
BRF:10
BRH:9
end_of_record
TN:
SF:src/lambdas/initiateAthenaQuery/startQueryExecution.ts
FN:11,(anonymous_0)
FN:51,(anonymous_1)
FNF:2
FNH:2
FNDA:5,(anonymous_0)
FNDA:5,(anonymous_1)
DA:11,1
DA:14,5
DA:15,5
DA:17,5
DA:18,5
DA:20,2
DA:21,1
DA:22,1
DA:24,1
DA:30,1
DA:35,3
DA:36,2
DA:38,2
DA:43,1
DA:51,1
DA:54,5
DA:55,5
LF:17
LH:17
BRDA:20,0,0,1
BRDA:20,0,1,1
BRDA:35,1,0,2
BRDA:35,1,1,1
BRF:4
BRH:4
end_of_record
TN:
SF:src/lambdas/initiateDataRequest/handler.ts
FN:30,(anonymous_0)
FN:92,(anonymous_1)
FN:116,(anonymous_2)
FN:126,(anonymous_3)
FN:146,(anonymous_4)
FN:152,(anonymous_5)
FNF:6
FNH:6
FNDA:9,(anonymous_0)
FNDA:3,(anonymous_1)
FNDA:3,(anonymous_2)
FNDA:1,(anonymous_3)
FNDA:9,(anonymous_4)
FNDA:9,(anonymous_5)
DA:30,1
DA:34,9
DA:36,9
DA:37,9
DA:39,9
DA:41,9
DA:42,3
DA:46,3
DA:49,6
DA:51,6
DA:52,3
DA:56,3
DA:58,3
DA:59,3
DA:60,1
DA:64,1
DA:67,1
DA:68,1
DA:72,1
DA:80,1
DA:82,9
DA:84,9
DA:92,1
DA:96,3
DA:98,3
DA:99,3
DA:100,3
DA:101,3
DA:108,3
DA:116,1
DA:117,3
DA:118,3
DA:126,1
DA:127,1
DA:129,1
DA:135,1
DA:146,1
DA:149,9
DA:152,1
DA:155,9
DA:156,9
DA:158,9
DA:160,9
DA:161,9
LF:44
LH:44
BRDA:36,0,0,9
BRDA:36,0,1,1
BRDA:41,1,0,3
BRDA:41,1,1,6
BRDA:51,2,0,3
BRDA:51,2,1,3
BRDA:59,3,0,1
BRDA:59,3,1,2
BRDA:80,4,0,1
BRDA:80,4,1,1
BRDA:98,5,0,3
BRDA:98,5,1,1
BRDA:155,6,0,9
BRDA:155,6,1,0
BRF:14
BRH:13
end_of_record
TN:
SF:src/lambdas/initiateDataRequest/isEmailInValidRecipientList.ts
FN:4,(anonymous_0)
FNF:1
FNH:1
FNDA:2,(anonymous_0)
DA:4,1
DA:7,2
DA:11,2
LF:3
LH:3
BRF:0
BRH:0
end_of_record
TN:
SF:src/lambdas/initiateDataRequest/sendInitiateDataTransferMessage.ts
FN:5,(anonymous_0)
FNF:1
FNH:1
FNDA:1,(anonymous_0)
DA:5,1
DA:8,1
LF:2
LH:2
BRF:0
BRH:0
end_of_record
TN:
SF:src/lambdas/initiateDataRequest/validateRequestSource.ts
FN:5,(anonymous_0)
FNF:1
FNH:1
FNDA:6,(anonymous_0)
DA:5,1
DA:9,6
DA:11,5
DA:12,5
DA:13,5
DA:15,2
DA:16,2
DA:17,2
DA:18,2
DA:22,2
DA:23,2
LF:11
LH:11
BRDA:9,0,0,1
BRDA:9,0,1,5
BRDA:13,1,0,3
BRDA:13,1,1,2
BRDA:13,2,0,5
BRDA:13,2,1,4
BRDA:13,2,2,3
BRF:7
BRH:7
end_of_record
TN:
SF:src/lambdas/initiateDataRequest/validateZendeskRequest.ts
FN:18,(anonymous_0)
FN:88,(anonymous_1)
FN:95,(anonymous_2)
FN:99,(anonymous_3)
FN:104,(anonymous_4)
FN:105,(anonymous_5)
FN:109,(anonymous_6)
FN:114,(anonymous_7)
FN:115,(anonymous_8)
FN:119,(anonymous_9)
FN:123,(anonymous_10)
FN:128,(anonymous_11)
FN:135,(anonymous_12)
FN:138,(anonymous_13)
FN:140,(anonymous_14)
FN:144,(anonymous_15)
FN:146,(anonymous_16)
FN:150,(anonymous_17)
FNF:18
FNH:18
FNDA:65,(anonymous_0)
FNDA:62,(anonymous_1)
FNDA:238,(anonymous_2)
FNDA:119,(anonymous_3)
FNDA:222,(anonymous_4)
FNDA:222,(anonymous_5)
FNDA:53,(anonymous_6)
FNDA:106,(anonymous_7)
FNDA:106,(anonymous_8)
FNDA:112,(anonymous_9)
FNDA:112,(anonymous_10)
FNDA:60,(anonymous_11)
FNDA:186,(anonymous_12)
FNDA:62,(anonymous_13)
FNDA:60,(anonymous_14)
FNDA:62,(anonymous_15)
FNDA:34,(anonymous_16)
FNDA:62,(anonymous_17)
DA:14,1
DA:16,1
DA:18,1
DA:21,65
DA:22,65
DA:23,3
DA:28,62
DA:29,62
DA:32,62
DA:33,62
DA:35,65
DA:39,65
DA:40,65
DA:41,65
DA:43,65
DA:46,65
DA:54,62
DA:55,62
DA:56,62
DA:57,1178
DA:58,33
DA:60,1178
DA:62,62
DA:88,1
DA:89,62
DA:95,1
DA:96,238
DA:99,1
DA:100,119
DA:104,222
DA:105,222
DA:109,1
DA:110,53
DA:114,106
DA:115,106
DA:119,1
DA:120,112
DA:123,1
DA:124,112
DA:125,112
DA:128,1
DA:129,60
DA:135,1
DA:136,186
DA:138,1
DA:139,62
DA:140,60
DA:144,1
DA:145,62
DA:146,34
DA:150,1
DA:157,62
LF:52
LH:52
BRDA:21,0,0,65
BRDA:21,0,1,1
BRDA:22,1,0,3
BRDA:22,1,1,62
BRDA:28,2,0,62
BRDA:28,2,1,0
BRDA:33,3,0,62
BRDA:33,3,1,23
BRDA:57,4,0,33
BRDA:57,4,1,1145
BRDA:60,5,0,1178
BRDA:60,5,1,883
BRDA:63,6,0,33
BRDA:63,6,1,29
BRDA:68,7,0,8
BRDA:68,7,1,54
BRDA:68,8,0,65
BRDA:68,8,1,8
BRDA:89,9,0,62
BRDA:89,9,1,1
BRDA:101,10,0,119
BRDA:101,10,1,114
BRDA:105,11,0,222
BRDA:105,11,1,220
BRDA:111,12,0,53
BRDA:111,12,1,53
BRDA:115,13,0,106
BRDA:115,13,1,105
BRDA:130,14,0,60
BRDA:130,14,1,4
BRDA:130,14,2,4
BRDA:136,15,0,186
BRDA:136,15,1,3
BRDA:139,16,0,57
BRDA:139,16,1,5
BRDA:145,17,0,23
BRDA:145,17,1,39
BRDA:169,18,0,62
BRDA:169,18,1,59
BRDA:174,19,0,59
BRDA:174,19,1,5
BRDA:179,20,0,62
BRDA:179,20,1,50
BRDA:184,21,0,62
BRDA:184,21,1,3
BRDA:189,22,0,62
BRDA:189,22,1,3
BRDA:193,23,0,62
BRDA:193,23,1,3
BRDA:205,24,0,62
BRDA:205,24,1,8
BRDA:209,25,0,62
BRDA:209,25,1,57
BRDA:214,26,0,62
BRDA:214,26,1,8
BRDA:214,26,2,6
BRDA:220,27,0,62
BRDA:220,27,1,53
BRDA:236,28,0,62
BRDA:236,28,1,39
BRF:60
BRH:59
end_of_record
TN:
SF:src/lambdas/initiateDataRequest/zendeskTicketDiffersFromRequest.ts
FN:15,(anonymous_0)
FN:28,(anonymous_1)
FN:32,(anonymous_2)
FN:40,(anonymous_3)
FN:44,(anonymous_4)
FN:46,(anonymous_5)
FN:47,(anonymous_6)
FN:51,(anonymous_7)
FN:60,(anonymous_8)
FN:71,(anonymous_9)
FN:88,(anonymous_10)
FNF:11
FNH:11
FNDA:22,(anonymous_0)
FNDA:211,(anonymous_1)
FNDA:211,(anonymous_2)
FNDA:1291,(anonymous_3)
FNDA:147,(anonymous_4)
FNDA:82,(anonymous_5)
FNDA:77,(anonymous_6)
FNDA:84,(anonymous_7)
FNDA:127,(anonymous_8)
FNDA:21,(anonymous_9)
FNDA:22,(anonymous_10)
DA:15,1
DA:18,22
DA:19,22
DA:21,22
DA:28,1
DA:32,211
DA:33,211
DA:34,1
DA:37,210
DA:40,1291
DA:44,1
DA:45,147
DA:46,82
DA:47,77
DA:51,1
DA:55,84
DA:57,84
DA:60,1
DA:64,127
DA:68,127
DA:71,1
DA:75,21
DA:79,21
DA:83,21
DA:88,1
DA:93,22
DA:95,22
DA:99,22
DA:103,22
DA:108,22
DA:112,22
DA:116,22
DA:120,22
DA:124,22
DA:128,22
DA:129,2
DA:131,21
DA:132,1
DA:133,21
DA:134,1
DA:135,21
DA:136,1
DA:137,21
DA:138,1
DA:139,21
DA:140,3
DA:141,21
DA:142,3
DA:143,21
DA:144,3
DA:145,21
DA:151,3
DA:152,21
DA:153,0
DA:154,21
DA:155,0
DA:157,21
DA:158,18
DA:162,18
DA:164,3
LF:60
LH:58
BRDA:33,0,0,1
BRDA:33,0,1,210
BRDA:33,1,0,211
BRDA:33,1,1,210
BRDA:55,2,0,0
BRDA:55,2,1,84
BRDA:55,3,0,84
BRDA:55,3,1,0
BRDA:83,4,0,4
BRDA:83,4,1,17
BRDA:108,5,0,22
BRDA:108,5,1,4
BRDA:128,6,0,2
BRDA:128,6,1,20
BRDA:131,7,0,1
BRDA:131,7,1,20
BRDA:133,8,0,1
BRDA:133,8,1,20
BRDA:135,9,0,1
BRDA:135,9,1,20
BRDA:137,10,0,1
BRDA:137,10,1,20
BRDA:139,11,0,3
BRDA:139,11,1,18
BRDA:141,12,0,3
BRDA:141,12,1,18
BRDA:143,13,0,3
BRDA:143,13,1,18
BRDA:145,14,0,3
BRDA:145,14,1,18
BRDA:152,15,0,0
BRDA:152,15,1,21
BRDA:154,16,0,0
BRDA:154,16,1,21
BRDA:157,17,0,18
BRDA:157,17,1,3
BRF:36
BRH:32
end_of_record
TN:
SF:src/lambdas/processDataRequest/checkDataTransferStatus.ts
FN:11,(anonymous_0)
FN:53,(anonymous_1)
FN:60,(anonymous_2)
FNF:3
FNH:3
FNDA:3,(anonymous_0)
FNDA:1,(anonymous_1)
FNDA:1,(anonymous_2)
DA:11,1
DA:12,3
DA:13,3
DA:14,3
DA:17,3
DA:21,1
DA:22,1
DA:23,1
DA:31,2
DA:33,2
DA:34,1
DA:35,1
DA:41,1
DA:49,1
DA:53,1
DA:54,1
DA:56,1
DA:57,1
DA:60,1
DA:61,1
DA:62,1
LF:21
LH:21
BRDA:17,0,0,1
BRDA:17,0,1,2
BRDA:18,1,0,3
BRDA:18,1,1,3
BRDA:33,2,0,1
BRDA:33,2,1,1
BRDA:61,3,0,0
BRDA:61,3,1,1
BRF:8
BRH:7
end_of_record
TN:
SF:src/lambdas/processDataRequest/handler.ts
FN:13,(anonymous_0)
FNF:1
FNH:1
FNDA:5,(anonymous_0)
DA:13,1
DA:14,5
DA:15,5
DA:16,1
DA:18,4
DA:19,4
DA:20,1
DA:22,3
DA:24,3
DA:25,1
DA:26,1
DA:27,2
DA:28,1
DA:29,1
DA:31,1
DA:34,2
LF:16
LH:16
BRDA:15,0,0,1
BRDA:15,0,1,4
BRDA:19,1,0,1
BRDA:19,1,1,3
BRDA:24,2,0,1
BRDA:24,2,1,2
BRDA:27,3,0,1
BRDA:27,3,1,1
BRF:8
BRH:8
end_of_record
TN:
SF:src/lambdas/processDataRequest/incrementPollingRetryCount.ts
FN:3,(anonymous_0)
FNF:1
FNH:1
FNDA:1,(anonymous_0)
DA:3,1
DA:4,1
LF:2
LH:2
BRF:0
BRH:0
end_of_record
TN:
SF:src/lambdas/processDataRequest/initiateDataTransfer.ts
FN:14,(anonymous_0)
FNF:1
FNH:1
FNDA:5,(anonymous_0)
DA:14,1
DA:17,5
DA:18,5
DA:19,1
DA:22,1
DA:27,1
DA:31,4
DA:34,4
DA:37,5
DA:38,4
DA:39,4
DA:40,1
DA:41,1
DA:42,1
DA:45,3
DA:46,2
DA:50,2
DA:51,2
DA:52,2
DA:56,1
DA:57,1
LF:21
LH:21
BRDA:18,0,0,1
BRDA:18,0,1,4
BRDA:34,1,0,4
BRDA:34,1,1,2
BRDA:39,2,0,1
BRDA:39,2,1,3
BRDA:39,3,0,4
BRDA:39,3,1,2
BRDA:45,4,0,2
BRDA:45,4,1,1
BRDA:56,5,0,1
BRDA:56,5,1,0
BRF:12
BRH:11
end_of_record
TN:
SF:src/lambdas/processDataRequest/terminateStatusCheckProcess.ts
FN:4,(anonymous_0)
FNF:1
FNH:1
FNDA:1,(anonymous_0)
DA:4,1
DA:7,1
LF:2
LH:2
BRF:0
BRH:0
end_of_record
TN:
SF:src/lambdas/sendQueryResultsNotification/handler.ts
FN:13,(anonymous_0)
FN:50,(anonymous_1)
FNF:2
FNH:2
FNDA:4,(anonymous_0)
FNDA:4,(anonymous_1)
DA:13,1
DA:17,4
DA:19,4
DA:20,4
DA:22,4
DA:23,4
DA:25,4
DA:26,4
DA:30,4
DA:31,4
DA:33,3
DA:34,3
DA:37,1
DA:39,1
DA:40,1
DA:42,1
DA:50,1
DA:54,4
DA:55,4
DA:57,1
DA:62,2
DA:63,2
DA:64,2
DA:68,1
LF:24
LH:24
BRDA:55,0,0,1
BRDA:55,0,1,1
BRDA:55,0,2,2
BRDA:55,0,3,1
BRF:4
BRH:4
end_of_record
TN:
SF:src/lambdas/sendQueryResultsNotification/sendQueryCompleteQueueMessage.ts
FN:4,(anonymous_0)
FNF:1
FNH:1
FNDA:1,(anonymous_0)
DA:4,1
DA:10,1
DA:11,1
DA:15,1
LF:4
LH:4
BRF:0
BRH:0
end_of_record
